Olho/app/build/intermediates/manifest_merge_blame_file/debug/manifest-merger-blame-debug-report.txt
1<?xml version="1.0" encoding="utf-8"?>
2<manifest xmlns:android="http://schemas.android.com/apk/res/android"
3    xmlns:dist="http://schemas.android.com/apk/distribution"
4    package="com.example.olho"
5    android:versionCode="1"
6    android:versionName="1.0" >
7
8    <uses-sdk
9        android:minSdkVersion="24"
9-->src\main\AndroidManifest.xml
10        android:targetSdkVersion="29" />
10-->src\main\AndroidManifest.xml
11
12    <dist:module dist:instant="true" />
12-->src\main\AndroidManifest.xml:6:5-40
12-->src\main\AndroidManifest.xml:6:18-37
13
14    <uses-permission android:name="android.permission.ACCESS_NETWORK_STATE" />
14-->[com.google.firebase:firebase-database:16.0.4] AndroidManifest.xml:22:5-79
14-->[com.google.firebase:firebase-database:16.0.4] AndroidManifest.xml:22:22-76
15    <uses-permission android:name="android.permission.INTERNET" />
15-->[com.google.firebase:firebase-database:16.0.4] AndroidManifest.xml:23:5-67
15-->[com.google.firebase:firebase-database:16.0.4] AndroidManifest.xml:23:22-64
16
17    <application
17-->src\main\AndroidManifest.xml:8:5-25:19
18        android:allowBackup="true"
18-->src\main\AndroidManifest.xml:9:9-35
19        android:appComponentFactory="androidx.core.app.CoreComponentFactory"
19-->[androidx.core:core:1.1.0] AndroidManifest.xml:24:18-86
20        android:debuggable="true"
21        android:extractNativeLibs="false"
22        android:icon="@mipmap/ic_launcher"
22-->src\main\AndroidManifest.xml:10:9-43
23        android:label="@string/app_name"
23-->src\main\AndroidManifest.xml:11:9-41
24        android:roundIcon="@mipmap/ic_launcher_round"
24-->src\main\AndroidManifest.xml:12:9-54
25        android:supportsRtl="true"
25-->src\main\AndroidManifest.xml:13:9-35
26        android:theme="@style/AppTheme" >
26-->src\main\AndroidManifest.xml:14:9-40
27        <activity android:name="com.example.olho.SplashActivity" >
27-->src\main\AndroidManifest.xml:15:9-21:20
27-->src\main\AndroidManifest.xml:15:19-49
28            <intent-filter>
28-->src\main\AndroidManifest.xml:16:13-20:29
29                <action android:name="android.intent.action.MAIN" />
29-->src\main\AndroidManifest.xml:17:17-69
29-->src\main\AndroidManifest.xml:17:25-66
30
31                <category android:name="android.intent.category.LAUNCHER" />
31-->src\main\AndroidManifest.xml:19:17-77
31-->src\main\AndroidManifest.xml:19:27-74
32            </intent-filter>
33        </activity>
34        <activity android:name="com.example.olho.MainActivity" >
34-->src\main\AndroidManifest.xml:22:9-24:20
34-->src\main\AndroidManifest.xml:22:19-47
35        </activity>
36        <activity
36-->[com.google.android.gms:play-services-base:16.0.1] AndroidManifest.xml:23:9-26:75
37            android:name="com.google.android.gms.common.api.GoogleApiActivity"
37-->[com.google.android.gms:play-services-base:16.0.1] AndroidManifest.xml:24:13-79
38            android:exported="false"
38-->[com.google.android.gms:play-services-base:16.0.1] AndroidManifest.xml:25:13-37
39            android:theme="@android:style/Theme.Translucent.NoTitleBar" />
39-->[com.google.android.gms:play-services-base:16.0.1] AndroidManifest.xml:26:13-72
40
41        <provider
41-->[com.google.firebase:firebase-common:16.0.3] AndroidManifest.xml:10:9-14:39
42            android:name="com.google.firebase.provider.FirebaseInitProvider"
42-->[com.google.firebase:firebase-common:16.0.3] AndroidManifest.xml:11:13-77
43            android:authorities="com.example.olho.firebaseinitprovider"
43-->[com.google.firebase:firebase-common:16.0.3] AndroidManifest.xml:12:13-72
44            android:exported="false"
44-->[com.google.firebase:firebase-common:16.0.3] AndroidManifest.xml:13:13-37
45            android:initOrder="100" />
45-->[com.google.firebase:firebase-common:16.0.3] AndroidManifest.xml:14:13-36
46
47        <meta-data
47-->[com.google.android.gms:play-services-basement:16.0.1] AndroidManifest.xml:23:9-25:69
48            android:name="com.google.android.gms.version"
48-->[com.google.android.gms:play-services-basement:16.0.1] AndroidManifest.xml:24:13-58
49            android:value="@integer/google_play_services_version" />
49-->[com.google.android.gms:play-services-basement:16.0.1] AndroidManifest.xml:25:13-66
50    </application>
51
52</manifest>